
Running tests... 
----------------------------------------------------------------------
 test_clickOnLogin (pageObjects.testAllInOne.Test_AllInOne.test_clickOnLogin) ... OK (11.611016)s
 test_createWaveWithHost (pageObjects.testAllInOne.Test_AllInOne.test_createWaveWithHost) ... OK (17.738618)s
 test_addHostToWave (pageObjects.testAllInOne.Test_AllInOne.test_addHostToWave) ... OK (26.945868)s
 test_bulkEditSyncOption (pageObjects.testAllInOne.Test_AllInOne.test_bulkEditSyncOption) ... OK (25.165613)s
 test_addVCenter (pageObjects.testAllInOne.Test_AllInOne.test_addVCenter) ... OK (11.599894)s
 test_setAutoprovision (pageObjects.testAllInOne.Test_AllInOne.test_setAutoprovision) ... OK (64.701711)s
 test_setParallelCount (pageObjects.testAllInOne.Test_AllInOne.test_setParallelCount) ... OK (9.116621)s
 test_startWave (pageObjects.testAllInOne.Test_AllInOne.test_startWave) ... OK (1170.603368)s
 test_verifySyncSuccess (pageObjects.testAllInOne.Test_AllInOne.test_verifySyncSuccess) ... OK (5.071074)s
 test_verifySyncDetails (pageObjects.testAllInOne.Test_AllInOne.test_verifySyncDetails) ... OK (67.750356)s
 test_createDRPolicy (pageObjects.testAllInOne.Test_AllInOne.test_createDRPolicy) ... OK (16.678408)s
 test_addDRPolicyToWave (pageObjects.testAllInOne.Test_AllInOne.test_addDRPolicyToWave) ... OK (62.355168)s
 test_resumePolicy (pageObjects.testAllInOne.Test_AllInOne.test_resumePolicy) ... OK (15.990910)s
 test_pauseDRPolicy (pageObjects.testAllInOne.Test_AllInOne.test_pauseDRPolicy) ... OK (19.278090)s
 test_verifyDRHostSyncStatus (pageObjects.testAllInOne.Test_AllInOne.test_verifyDRHostSyncStatus) ... OK (23.005056)s
 test_changeTargetType (pageObjects.testAllInOne.Test_AllInOne.test_changeTargetType) ... OK (39.809493)s
 test_tearDown (pageObjects.testAllInOne.Test_AllInOne.test_tearDown) ... OK (14.906149)s
 test_startWave (pageObjects.testAllInOne.Test_AllInOne.test_startWave) ... OK (48.748903)s
 test_verifySyncSuccess (pageObjects.testAllInOne.Test_AllInOne.test_verifySyncSuccess) ... OK (5.068525)s
 test_failoverHost (pageObjects.testAllInOne.Test_AllInOne.test_failoverHost) ... OK (285.736081)s
 test_tearDown (pageObjects.testAllInOne.Test_AllInOne.test_tearDown) ... ERROR (97.240716)s
 test_clickOnLogout (pageObjects.testAllInOne.Test_AllInOne.test_clickOnLogout) ... OK (5.560730)s

======================================================================
ERROR [97.240716s]: pageObjects.testAllInOne.Test_AllInOne.test_tearDown
----------------------------------------------------------------------
Traceback (most recent call last):
  File "C:\Users\Pranav Pawar\PycharmProjects\RMM_DataDriven\pageObjects\testAllInOne.py", line 285, in test_tearDown
    td.tearDown1(self.driver, self.count, self.path, self.start, self.end)
  File "C:\Users\Pranav Pawar\PycharmProjects\RMM_DataDriven\pageObjects\testTearDown.py", line 126, in tearDown1
    self.deleteSourceHost(driver, hostNames)
  File "C:\Users\Pranav Pawar\PycharmProjects\RMM_DataDriven\pageObjects\testTearDown.py", line 478, in deleteSourceHost
    driver.find_element(By.XPATH, self.pop_deleteSuccessful_xpath).click()
  File "C:\Users\Pranav Pawar\PycharmProjects\RMM_DataDriven\venv\Lib\site-packages\selenium\webdriver\remote\webelement.py", line 93, in click
    self._execute(Command.CLICK_ELEMENT)
  File "C:\Users\Pranav Pawar\PycharmProjects\RMM_DataDriven\venv\Lib\site-packages\selenium\webdriver\remote\webelement.py", line 403, in _execute
    return self._parent.execute(command, params)
           ^^^^^^^^^^^^^^^^^^^^^^^^^^^^^^^^^^^^^
  File "C:\Users\Pranav Pawar\PycharmProjects\RMM_DataDriven\venv\Lib\site-packages\selenium\webdriver\remote\webdriver.py", line 440, in execute
    self.error_handler.check_response(response)
  File "C:\Users\Pranav Pawar\PycharmProjects\RMM_DataDriven\venv\Lib\site-packages\selenium\webdriver\remote\errorhandler.py", line 245, in check_response
    raise exception_class(message, screen, stacktrace)
selenium.common.exceptions.StaleElementReferenceException: Message: The element with the reference 8b942a99-bdf5-435a-9092-f48f4a617d72 is stale; either its node document is not the active document, or it is no longer connected to the DOM
Stacktrace:
RemoteError@chrome://remote/content/shared/RemoteError.sys.mjs:8:8
WebDriverError@chrome://remote/content/shared/webdriver/Errors.sys.mjs:183:5
StaleElementReferenceError@chrome://remote/content/shared/webdriver/Errors.sys.mjs:495:5
element.getKnownElement@chrome://remote/content/marionette/element.sys.mjs:508:11
deserializeJSON@chrome://remote/content/marionette/json.sys.mjs:233:33
cloneObject@chrome://remote/content/marionette/json.sys.mjs:56:24
deserializeJSON@chrome://remote/content/marionette/json.sys.mjs:244:16
json.deserialize@chrome://remote/content/marionette/json.sys.mjs:248:10
receiveMessage@chrome://remote/content/marionette/actors/MarionetteCommandsChild.sys.mjs:85:30


----------------------------------------------------------------------
Ran 22 tests in 0:34:04

FAILED
 (Errors=1)

Generating HTML reports... 
reports\TestResults_pageObjects.testAllInOne.Test_AllInOne_2023-06-19_15-28-10.html
